2016-12-06 17:57:36,030 [INFO] [run-main-0]: c.d.d.c.ClockFactory: Using native clock to generate timestamps.
2016-12-06 17:57:36,122 [INFO] [run-main-0]: c.d.d.c.NettyUtil: Did not find Netty's native epoll transport in the classpath, defaulting to NIO.
2016-12-06 17:57:36,412 [WARN] [run-main-0]: c.d.d.c.Cluster: You listed localhost/0:0:0:0:0:0:0:1:9042 in your contact points, but it wasn't found in the control host's system.peers at startup
2016-12-06 17:57:36,514 [INFO] [run-main-0]: c.d.d.c.p.DCAwareRoundRobinPolicy: Using data-center name 'datacenter1' for DCAwareRoundRobinPolicy (if this is incorrect, please provide the correct datacenter name with DCAwareRoundRobinPolicy constructor)
2016-12-06 17:57:36,515 [INFO] [run-main-0]: c.d.d.c.Cluster: New Cassandra host localhost/127.0.0.1:9042 added
2016-12-06 17:57:36,557 [INFO] [run-main-0]: i.m.a.a.Bootstrap: Starting flow...
2016-12-06 17:57:36,590 [INFO] [run-main-0]: i.m.a.a.Bootstrap: Starting http...
2016-12-06 18:01:01,450 [INFO] [run-main-0]: i.m.a.s.MachineParkApiClient: [*** Create]: MachineParkApiClient
2016-12-06 18:01:01,824 [INFO] [run-main-0]: c.d.d.c.ClockFactory: Using native clock to generate timestamps.
2016-12-06 18:01:01,906 [INFO] [run-main-0]: c.d.d.c.NettyUtil: Did not find Netty's native epoll transport in the classpath, defaulting to NIO.
2016-12-06 18:01:02,216 [WARN] [run-main-0]: c.d.d.c.Cluster: You listed localhost/0:0:0:0:0:0:0:1:9042 in your contact points, but it wasn't found in the control host's system.peers at startup
2016-12-06 18:01:02,319 [INFO] [run-main-0]: c.d.d.c.p.DCAwareRoundRobinPolicy: Using data-center name 'datacenter1' for DCAwareRoundRobinPolicy (if this is incorrect, please provide the correct datacenter name with DCAwareRoundRobinPolicy constructor)
2016-12-06 18:01:02,321 [INFO] [run-main-0]: c.d.d.c.Cluster: New Cassandra host localhost/127.0.0.1:9042 added
2016-12-06 18:01:02,346 [INFO] [run-main-0]: i.m.a.r.SampleRepository: [*** Create]: SampleRepository
2016-12-06 18:01:02,349 [INFO] [run-main-0]: i.m.a.s.SamplingService: [*** Create]: SamplingService
2016-12-06 18:01:02,363 [INFO] [run-main-0]: i.m.a.c.AppController: [*** Create]: AppController
2016-12-06 18:01:02,364 [INFO] [default-akka.actor.default-dispatcher-5]: i.m.a.a.WebsocketRegistryActor: [*** Create]: WebsocketRegistryActor
2016-12-06 18:01:02,364 [INFO] [run-main-0]: i.m.a.c.AppController: Host is Some(localhost:9000)
2016-12-06 18:01:02,365 [INFO] [run-main-0]: i.m.a.a.Bootstrap: [*** Create]: Bootstrap
2016-12-06 18:01:02,365 [INFO] [run-main-0]: i.m.a.a.Bootstrap: Starting flow...
2016-12-06 18:01:02,398 [INFO] [run-main-0]: i.m.a.a.Bootstrap: Starting http...
2016-12-06 18:01:03,277 [INFO] [default-akka.actor.default-dispatcher-5]: i.m.a.s.SamplingService: Creating new monitoring source graph...
2016-12-06 18:01:03,286 [INFO] [default-akka.actor.default-dispatcher-5]: i.m.a.s.MachineParkApiClient: Creating new machines info source...
2016-12-06 18:01:03,360 [INFO] [default-akka.actor.default-dispatcher-5]: i.m.a.s.MachineParkApiClient: Creating new env info source...
2016-12-06 18:01:03,717 [DEBUG] [default-akka.actor.default-dispatcher-15]: i.m.a.s.MachineParkApiClient: Response was HttpResponse(200 OK,List(Cache-Control: no-cache, X-Cloud-Trace-Context: 6ca809b28c07c0c3fe568e77d89c9474, Date: Tue, 06 Dec 2016 17:01:03 GMT, Server: Google Frontend),HttpEntity.Strict(application/json,{"pressure":["2016-12-06T17:01:00",1003.39],"temperature":["2016-12-06T17:01:00",18.350000000000001],"humidity":["2016-12-06T17:01:00",90.450000000000003]}),HttpProtocol(HTTP/1.1)) with context ()
2016-12-06 18:02:03,512 [DEBUG] [default-akka.actor.default-dispatcher-2]: i.m.a.s.MachineParkApiClient: Response was HttpResponse(200 OK,List(Cache-Control: no-cache, X-Cloud-Trace-Context: d773e4331d9956243063e362c03b985a, Date: Tue, 06 Dec 2016 17:01:03 GMT, Server: Google Frontend),HttpEntity.Strict(application/json,{"pressure":["2016-12-06T17:01:00",1003.39],"temperature":["2016-12-06T17:01:00",18.350000000000001],"humidity":["2016-12-06T17:01:00",90.450000000000003]}),HttpProtocol(HTTP/1.1)) with context ()
